<?xml version="1.0" encoding="UTF-8"?>
<testng-results skipped="0" failed="0" ignored="0" total="1" passed="1">
  <reporter-output>
  </reporter-output>
  <suite name="Default suite" duration-ms="2029" started-at="2021-05-24T22:15:50 IST" finished-at="2021-05-24T22:15:52 IST">
    <groups>
    </groups>
    <test name="Default test" duration-ms="2029" started-at="2021-05-24T22:15:50 IST" finished-at="2021-05-24T22:15:52 IST">
      <class name="Test.GetAPITest">
        <test-method status="PASS" signature="setup()[pri:0, instance:Test.GetAPITest@10587f1]" name="setup" is-config="true" duration-ms="16" started-at="2021-05-24T22:15:50 IST" finished-at="2021-05-24T22:15:50 IST">
          <reporter-output>
          </reporter-output>
        </test-method> <!-- setup -->
        <test-method status="PASS" signature="getTest()[pri:0, instance:Test.GetAPITest@10587f1]" name="getTest" duration-ms="1935" started-at="2021-05-24T22:15:50 IST" finished-at="2021-05-24T22:15:52 IST">
          <reporter-output>
          </reporter-output>
        </test-method> <!-- getTest -->
      </class> <!-- Test.GetAPITest -->
    </test> <!-- Default test -->
  </suite> <!-- Default suite -->
</testng-results>
